<?xml version="1.0" encoding="UTF-8"?>
<testng-results ignored="0" total="2" passed="2" failed="0" skipped="0">
  <reporter-output>
  </reporter-output>
  <suite started-at="2024-11-01T11:54:40 IST" name="Suite" finished-at="2024-11-01T11:56:53 IST" duration-ms="132494">
    <groups>
    </groups>
    <test started-at="2024-11-01T11:54:40 IST" name="Test2" finished-at="2024-11-01T11:56:53 IST" duration-ms="132494">
      <class name="TestCase.TC001_adc">
        <test-method is-config="true" signature="setup(java.lang.String,java.lang.String)[pri:0, instance:TestCase.TC001_adc@4cf8b2dc]" started-at="2024-11-01T11:54:41 IST" name="setup" finished-at="2024-11-01T11:56:13 IST" duration-ms="91087" status="PASS">
          <params>
            <param index="0">
              <value>
                <![CDATA[edge]]>
              </value>
            </param>
            <param index="1">
              <value>
                <![CDATA[window]]>
              </value>
            </param>
          </params>
          <reporter-output>
          </reporter-output>
        </test-method> <!-- setup -->
        <test-method signature="ad_card()[pri:0, instance:TestCase.TC001_adc@4cf8b2dc]" started-at="2024-11-01T11:56:13 IST" name="ad_card" finished-at="2024-11-01T11:56:40 IST" duration-ms="26844" status="PASS">
          <reporter-output>
          </reporter-output>
        </test-method> <!-- ad_card -->
        <test-method is-config="true" signature="close()[pri:0, instance:TestCase.TC001_adc@4cf8b2dc]" started-at="2024-11-01T11:56:40 IST" name="close" finished-at="2024-11-01T11:56:53 IST" duration-ms="13310" status="PASS">
          <reporter-output>
          </reporter-output>
        </test-method> <!-- close -->
      </class> <!-- TestCase.TC001_adc -->
    </test> <!-- Test2 -->
    <test started-at="2024-11-01T11:54:40 IST" name="Test1" finished-at="2024-11-01T11:56:40 IST" duration-ms="119581">
      <class name="TestCase.TC001_adc">
        <test-method is-config="true" signature="setup(java.lang.String,java.lang.String)[pri:0, instance:TestCase.TC001_adc@12bd8a64]" started-at="2024-11-01T11:54:43 IST" name="setup" finished-at="2024-11-01T11:56:20 IST" duration-ms="97171" status="PASS">
          <params>
            <param index="0">
              <value>
                <![CDATA[chrome]]>
              </value>
            </param>
            <param index="1">
              <value>
                <![CDATA[window]]>
              </value>
            </param>
          </params>
          <reporter-output>
          </reporter-output>
        </test-method> <!-- setup -->
        <test-method signature="ad_card()[pri:0, instance:TestCase.TC001_adc@12bd8a64]" started-at="2024-11-01T11:56:20 IST" name="ad_card" finished-at="2024-11-01T11:56:33 IST" duration-ms="12821" status="PASS">
          <reporter-output>
          </reporter-output>
        </test-method> <!-- ad_card -->
        <test-method is-config="true" signature="close()[pri:0, instance:TestCase.TC001_adc@12bd8a64]" started-at="2024-11-01T11:56:33 IST" name="close" finished-at="2024-11-01T11:56:40 IST" duration-ms="7241" status="PASS">
          <reporter-output>
          </reporter-output>
        </test-method> <!-- close -->
      </class> <!-- TestCase.TC001_adc -->
    </test> <!-- Test1 -->
  </suite> <!-- Suite -->
</testng-results>
